********************************************************************************
DUPLICATOR-LITE PACKAGE-LOG: 22 November 2022 13h42
NOTICE: Do NOT post to public sites or forums 
********************************************************************************
VERSION:	1.5.1
WORDPRESS:	6.1
PHP INFO:	7.4.26 | SAPI: apache2handler
SERVER:		Apache/2.4.51 (Win64) PHP/7.4.26 
PHP TIME LIMIT: (0) no time limit imposed 
PHP MAX MEMORY: 4294967296 (128M default) 
MEMORY STACK: 6MB

********************************************************************************
DATABASE:
********************************************************************************
BUILD MODE:   PHP(query limit - 100)
MYSQLTIMEOUT: 5000
MYSQLDUMP:    Not Supported
TABLES: total:13 | filtered:0 | create:13
FILTERED: []
SQL CREATED: 20221122_creerunsiteavecwordpress_86abd0e993aaead99526_20221122134118_database.sql
SQL FILE SIZE: 682.52KB (698898)
SQL FILE TIME: 2022-11-22 13:42:15
SQL RUNTIME: 0.90 sec.

********************************************************************************
ARCHIVE (ZIP):
********************************************************************************
ARCHIVE DIR:  E:/wamp64/www/wp-01-229855
ARCHIVE FILE: 20221122_creerunsiteavecwordpress_86abd0e993aaead99526_20221122134118_archive.zip
FILTERS: *OFF*
DIRS:
	not set
FILES:
	not set
EXTS:  not set
----------------------------------------
COMPRESSING
SIZE:	71.31MB
STATS:	Dirs 452 | Files 3,600
SQL ADDED: 20221122_creerunsiteavecwordpress_86abd0e993aaead99526_20221122134118_database.sql
ZipArchive Object
(
    [status] => 0
    [statusSys] => 0
    [numFiles] => 4052
    [filename] => E:\wamp64\www\wp-01-229855\wp-content\backups-dup-lite\tmp\20221122_creerunsiteavecwordpress_86abd0e993aaead99526_20221122134118_archive.zip
    [comment] => 
)

FILE ADDED TO ZIP: 4051
COMPRESSION RESULT: '1'
COMPRESSED SIZE: 27.72MB
ARCHIVE RUNTIME: 8.05 sec.
MEMORY STACK: 8MB
building installer
ARCHIVE CONSISTENCY TEST: PASS

********************************************************************************
INTEGRITY CHECKS:
********************************************************************************
SQL FILE: 682.52KB
INSTALLER FILE: 73.36KB
ARCHIVE FILE: 29.54MB 
EXPECTED FILE/DIRECTORY COUNT: 4,052
ACTUAL FILE/DIRECTORY COUNT: 4,051
ARCHIVE CONSISTENCY TEST: Pass

********************************************************************************
RECORD ID:[1]
TOTAL PROCESS RUNTIME: 10.12 sec.
PEAK PHP MEMORY USED: 8MB
DONE PROCESSING => 20221122_creerunsiteavecwordpress 22 November 2022 13h42

