********************************************************************************
DUPLICATOR-LITE PACKAGE-LOG: 31 October 2022 12h31
NOTICE: Do NOT post to public sites or forums 
********************************************************************************
VERSION:	1.5.0
WORDPRESS:	6.0.3
PHP INFO:	7.4.26 | SAPI: apache2handler
SERVER:		Apache/2.4.51 (Win64) PHP/7.4.26 
PHP TIME LIMIT: (0) no time limit imposed 
PHP MAX MEMORY: 4294967296 (128M default) 
MEMORY STACK: 4MB

********************************************************************************
DATABASE:
********************************************************************************
BUILD MODE:   PHP(query limit - 100)
MYSQLTIMEOUT: 5000
MYSQLDUMP:    Not Supported
TABLES: total:18 | filtered:0 | create:18
FILTERED: []
SQL CREATED: 20221031_fleurs2000_2e7379c31ef5c2645640_20221031123113_database.sql
SQL FILE SIZE: 1.03MB (1083825)
SQL FILE TIME: 2022-10-31 12:31:59
SQL RUNTIME: 0.90 sec.

********************************************************************************
ARCHIVE (ZIP):
********************************************************************************
ARCHIVE DIR:  E:/wamp64/www/monsitewordpress
ARCHIVE FILE: 20221031_fleurs2000_2e7379c31ef5c2645640_20221031123113_archive.zip
FILTERS: *OFF*
DIRS:
	not set
FILES:
	not set
EXTS:  not set
----------------------------------------
COMPRESSING
SIZE:	91.04MB
STATS:	Dirs 747 | Files 5,361
SQL ADDED: 20221031_fleurs2000_2e7379c31ef5c2645640_20221031123113_database.sql
ZipArchive Object
(
    [status] => 0
    [statusSys] => 0
    [numFiles] => 6108
    [filename] => E:\wamp64\www\monsitewordpress\wp-content\backups-dup-lite\tmp\20221031_fleurs2000_2e7379c31ef5c2645640_20221031123113_archive.zip
    [comment] => 
)

FILE ADDED TO ZIP: 6107
COMPRESSION RESULT: '1'
COMPRESSED SIZE: 37.68MB
ARCHIVE RUNTIME: 6.94 sec.
MEMORY STACK: 6MB
building installer
ARCHIVE CONSISTENCY TEST: PASS

********************************************************************************
INTEGRITY CHECKS:
********************************************************************************
SQL FILE: 1.03MB
INSTALLER FILE: 73.36KB
ARCHIVE FILE: 39.53MB 
EXPECTED FILE/DIRECTORY COUNT: 6,108
ACTUAL FILE/DIRECTORY COUNT: 6,107
ARCHIVE CONSISTENCY TEST: Pass

********************************************************************************
RECORD ID:[1]
TOTAL PROCESS RUNTIME: 9.02 sec.
PEAK PHP MEMORY USED: 8MB
DONE PROCESSING => 20221031_fleurs2000 31 October 2022 12h32

